Oct 08, 2017 9:23:02 AM modul.Logv run
SEVERE: Thread-4 <dpay><com>LOGIN</com><iduser>DPAY00003</iduser><pass>980b345f031c41afd71cbb322a9c4f25</pass><counter>28378</counter></dpay>
Oct 08, 2017 9:23:02 AM modul.Logv run
SEVERE: Thread-6 	
Oct 08, 2017 9:23:02 AM modul.Logv run
INFO: Thread-6 <?xml version="1.0" encoding="UTF-8"?><dpay><resultcode>0002</resultcode><datetime>2017-10-08 09:23:02 </datetime></dpay>
Oct 08, 2017 9:23:02 AM modul.Logv run
INFO: Thread-4 <?xml version="1.0" encoding="UTF-8"?><dpay><resultcode>0000</resultcode><datetime>2017-10-08 09:23:00 </datetime><com>LOGIN</com><iduser>DPAY00003</iduser><nama>Tester</nama><counter>28378</counter></dpay>
Oct 08, 2017 9:32:42 AM modul.Logv run
SEVERE: Thread-4 <dpay><com>LOGIN</com><iduser>DPAY00003</iduser><pass>980b345f031c41afd71cbb322a9c4f25</pass><counter>28378</counter></dpay>
Oct 08, 2017 9:32:42 AM modul.Logv run
SEVERE: Thread-6 	
Oct 08, 2017 9:32:42 AM modul.Logv run
INFO: Thread-6 <?xml version="1.0" encoding="UTF-8"?><dpay><resultcode>0002</resultcode><datetime>2017-10-08 09:32:42 </datetime></dpay>
Oct 08, 2017 9:32:42 AM modul.Logv run
INFO: Thread-4 <?xml version="1.0" encoding="UTF-8"?><dpay><resultcode>0000</resultcode><datetime>2017-10-08 09:32:41 </datetime><com>LOGIN</com><iduser>DPAY00003</iduser><nama>Tester</nama><counter>28378</counter></dpay>
Oct 08, 2017 9:35:54 AM modul.Logv run
SEVERE: Thread-4 <dpay><com>LOGIN</com><iduser>DPAY00003</iduser><pass>980b345f031c41afd71cbb322a9c4f25</pass><counter>28378</counter></dpay>
Oct 08, 2017 9:35:54 AM modul.Logv run
SEVERE: Thread-6 	
Oct 08, 2017 9:35:54 AM modul.Logv run
INFO: Thread-4 <?xml version="1.0" encoding="UTF-8"?><dpay><resultcode>0000</resultcode><datetime>2017-10-08 09:35:53 </datetime><com>LOGIN</com><iduser>DPAY00003</iduser><nama>Tester</nama><counter>28378</counter></dpay>
Oct 08, 2017 9:35:54 AM modul.Logv run
INFO: Thread-6 <?xml version="1.0" encoding="UTF-8"?><dpay><resultcode>0002</resultcode><datetime>2017-10-08 09:35:54 </datetime></dpay>
Oct 08, 2017 9:37:06 AM modul.Logv run
SEVERE: Thread-4 <dpay><com>LOGIN</com><iduser>DPAY00003</iduser><pass>980b345f031c41afd71cbb322a9c4f25</pass><counter>28378</counter></dpay>
Oct 08, 2017 9:37:06 AM modul.Logv run
SEVERE: Thread-6 	
Oct 08, 2017 9:37:06 AM modul.Logv run
INFO: Thread-4 <?xml version="1.0" encoding="UTF-8"?><dpay><resultcode>0000</resultcode><datetime>2017-10-08 09:37:05 </datetime><com>LOGIN</com><iduser>DPAY00003</iduser><nama>Tester</nama><counter>28378</counter></dpay>
Oct 08, 2017 9:37:06 AM modul.Logv run
INFO: Thread-6 <?xml version="1.0" encoding="UTF-8"?><dpay><resultcode>0002</resultcode><datetime>2017-10-08 09:37:06 </datetime></dpay>
Oct 08, 2017 9:38:57 AM modul.Logv run
SEVERE: Thread-4 <dpay><com>LOGIN</com><iduser>DPAY00003</iduser><pass>980b345f031c41afd71cbb322a9c4f25</pass><counter>28378</counter></dpay>
Oct 08, 2017 9:38:57 AM modul.Logv run
SEVERE: Thread-6 
Oct 08, 2017 9:38:57 AM modul.Logv run
INFO: Thread-6 <?xml version="1.0" encoding="UTF-8"?><dpay><resultcode>0002</resultcode><datetime>2017-10-08 09:38:57 </datetime></dpay>
Oct 08, 2017 9:38:57 AM modul.Logv run
INFO: Thread-4 <?xml version="1.0" encoding="UTF-8"?><dpay><resultcode>0000</resultcode><datetime>2017-10-08 09:38:56 </datetime><com>LOGIN</com><iduser>DPAY00003</iduser><nama>Tester</nama><counter>28378</counter></dpay>
Oct 08, 2017 9:40:33 AM modul.Logv run
SEVERE: Thread-4 <dpay><com>LOGIN</com><iduser>DPAY00003</iduser><pass>980b345f031c41afd71cbb322a9c4f25</pass><counter>28378</counter></dpay>
Oct 08, 2017 9:40:33 AM modul.Logv run
INFO: Thread-4 <?xml version="1.0" encoding="UTF-8"?><dpay><resultcode>0000</resultcode><datetime>2017-10-08 09:40:32 </datetime><com>LOGIN</com><iduser>DPAY00003</iduser><nama>Tester</nama><counter>28378</counter></dpay>
Oct 08, 2017 9:43:02 AM modul.Logv run
SEVERE: Thread-8 <dpay><com>LOGIN</com><iduser>DPAY00003</iduser><pass>980b345f031c41afd71cbb322a9c4f25</pass><counter>28378</counter></dpay>
Oct 08, 2017 9:43:02 AM modul.Logv run
INFO: Thread-8 <?xml version="1.0" encoding="UTF-8"?><dpay><resultcode>0000</resultcode><datetime>2017-10-08 09:43:02 </datetime><com>LOGIN</com><iduser>DPAY00003</iduser><nama>Tester</nama><counter>28378</counter></dpay>
Oct 08, 2017 9:46:10 AM modul.Logv run
SEVERE: Thread-13 <dpay><com>LOGIN</com><iduser>DPAY00003</iduser><pass>980b345f031c41afd71cbb322a9c4f25</pass><counter>28378</counter></dpay>
Oct 08, 2017 9:46:10 AM modul.Logv run
INFO: Thread-13 <?xml version="1.0" encoding="UTF-8"?><dpay><resultcode>0000</resultcode><datetime>2017-10-08 09:46:10 </datetime><com>LOGIN</com><iduser>DPAY00003</iduser><nama>Tester</nama><counter>28378</counter></dpay>
Oct 08, 2017 1:11:41 PM modul.Logv run
SEVERE: Thread-5 <dpay><com>CEKUSER</com><iduser>DPAY00003</iduser><pass>980b345f031c41afd71cbb322a9c4f25</pass><counter>28378</counter></dpay>
Oct 08, 2017 1:11:42 PM modul.Logv run
INFO: Thread-5 <?xml version="1.0" encoding="UTF-8"?><dpay><resultcode>0000</resultcode><datetime>2017-10-08 13:11:40 </datetime><com>CEKUSER</com><iduser>DPAY00003</iduser><email>tester@gmail.com</email><ktp>93882039802</ktp><deposit>2754742</deposit><counter>28378</counter></dpay>
