Oct 31, 2017 11:21:33 PM modul.Logv run
SEVERE: Thread-8 <dpay><com>REGISTRASI</com><namauser>Tester7</namauser><email>tester2345@gmail.com</email><telp>08127381721</telp><pass>1234</pass><sques>31</sques><sans>tommy</sans><ktp>9388203453498031</ktp><negara>23</negara><prov>sulsel</prov><kota>makassar</kota><alamat>jl. tes</alamat><kodepos>94111</kodepos><tgllahir>1980-08-17</tgllahir><counter>12513</counter></dpay>
Oct 31, 2017 11:21:33 PM modul.Logv run
INFO: Thread-8 <?xml version="1.0" encoding="UTF-8"?><dpay><resultcode>0001</resultcode><result>Data User Sudah Ada</result><datetime>2017-10-31 23:21:32 </datetime><com>REGISTRASI</com></dpay>
Oct 31, 2017 11:22:59 PM modul.Logv run
SEVERE: Thread-4 <dpay><com>REGISTRASI</com><namauser>Tester7</namauser><email>tester2345@gmail.com</email><telp>08127381721</telp><pass>1234</pass><sques>31</sques><sans>tommy</sans><ktp>9388203453498031</ktp><negara>23</negara><prov>sulsel</prov><kota>makassar</kota><alamat>jl. tes</alamat><kodepos>94111</kodepos><tgllahir>1980-08-17</tgllahir><counter>12513</counter></dpay>
Oct 31, 2017 11:22:59 PM modul.Logv run
INFO: Thread-4 <?xml version="1.0" encoding="UTF-8"?><dpay><resultcode>0000</resultcode><datetime>2017-10-31 23:22:58 </datetime><com>REGISTRASI</com><iduser>DPAY00002</iduser><counter>12513</counter></dpay>
Oct 31, 2017 11:26:48 PM modul.Logv run
SEVERE: Thread-9 <dpay><com>TOPUP</com><iduser>DPAY00002</iduser><pass>ca737336ef5b890ffafe983fc0ee02d1</pass><counter>88988</counter><namapengirim>tester</namapengirim><bankpengirim>panin</bankpengirim><banktujuan>bca</banktujuan><rekpengirim>3478232-242</rekpengirim><rektujuan>2342-234223</rektujuan><nominal>1.7</nominal><matauang>USD</matauang></dpay>
Oct 31, 2017 11:26:48 PM modul.Logv run
INFO: Thread-9 <?xml version="1.0" encoding="UTF-8"?><dpay><resultcode>0000</resultcode><datetime>2017-10-31 23:26:48 </datetime><com>TOPUP</com><iduser>DPAY00002</iduser><deposit>1.7</deposit><counter>88988</counter></dpay>
Oct 31, 2017 11:28:41 PM modul.Logv run
SEVERE: Thread-14 <dpay><com>TOPUP</com><iduser>DPAY00002</iduser><pass>8ed3a6c6388dbef7ee7259a6fa3f5ace</pass><counter>35312</counter><namapengirim>tester</namapengirim><bankpengirim>panin</bankpengirim><banktujuan>bca</banktujuan><rekpengirim>3478232-242</rekpengirim><rektujuan>2342-234223</rektujuan><nominal>1,5</nominal><matauang>USD</matauang></dpay>
Oct 31, 2017 11:28:41 PM modul.Logv run
INFO: Thread-14 <?xml version="1.0" encoding="UTF-8"?><dpay><resultcode>0000</resultcode><datetime>2017-10-31 23:28:40 </datetime><com>TOPUP</com><iduser>DPAY00002</iduser><deposit>1,5</deposit><counter>35312</counter></dpay>
Oct 31, 2017 11:29:57 PM modul.Logv run
SEVERE: Thread-19 <dpay><com>TOPUP</com><iduser>DPAY00002</iduser><pass>b4ed4d490cf41920d18933d45461abc1</pass><counter>66423</counter><namapengirim>tester</namapengirim><bankpengirim>panin</bankpengirim><banktujuan>bca</banktujuan><rekpengirim>3478232-242</rekpengirim><rektujuan>2342-234223</rektujuan><nominal>1,5</nominal><matauang>USD</matauang></dpay>
Oct 31, 2017 11:29:57 PM modul.Logv run
INFO: Thread-19 <?xml version="1.0" encoding="UTF-8"?><dpay><resultcode>0000</resultcode><datetime>2017-10-31 23:29:56 </datetime><com>TOPUP</com><iduser>DPAY00002</iduser><deposit>1,5</deposit><counter>66423</counter></dpay>
Oct 31, 2017 11:31:11 PM modul.Logv run
SEVERE: Thread-24 <dpay><com>TOPUP</com><iduser>DPAY00002</iduser><pass>04d07a2e748dd1d88b04db54abaa62e7</pass><counter>12969</counter><namapengirim>tester</namapengirim><bankpengirim>panin</bankpengirim><banktujuan>bca</banktujuan><rekpengirim>3478232-242</rekpengirim><rektujuan>2342-234223</rektujuan><nominal>15000</nominal><matauang>IDR</matauang></dpay>
Oct 31, 2017 11:31:11 PM modul.Logv run
INFO: Thread-24 <?xml version="1.0" encoding="UTF-8"?><dpay><resultcode>0000</resultcode><datetime>2017-10-31 23:31:10 </datetime><com>TOPUP</com><iduser>DPAY00002</iduser><deposit>15000</deposit><counter>12969</counter></dpay>
Oct 31, 2017 11:31:31 PM modul.Logv run
SEVERE: Thread-29 <dpay><com>TOPUP</com><iduser>DPAY00002</iduser><pass>cf215a3b8f7b85c392ef526c82906856</pass><counter>29596</counter><namapengirim>tester</namapengirim><bankpengirim>panin</bankpengirim><banktujuan>bca</banktujuan><rekpengirim>3478232-242</rekpengirim><rektujuan>2342-234223</rektujuan><nominal>15000</nominal><matauang>zz</matauang></dpay>
Oct 31, 2017 11:31:31 PM modul.Logv run
INFO: Thread-29 <?xml version="1.0" encoding="UTF-8"?><dpay><resultcode>0002</resultcode><datetime>2017-10-31 23:31:30 </datetime><com>TOPUP</com></dpay>
Oct 31, 2017 11:32:21 PM modul.Logv run
SEVERE: Thread-34 <dpay><com>TOPUP</com><iduser>DPAY00002</iduser><pass>b8774b7b560a6acf0079820548c2b9ba</pass><counter>35128</counter><namapengirim>tester</namapengirim><bankpengirim>panin</bankpengirim><banktujuan>bca</banktujuan><rekpengirim>3478232-242</rekpengirim><rektujuan>2342-234223</rektujuan><nominal>15000</nominal><matauang>IDR</matauang></dpay>
Oct 31, 2017 11:32:21 PM modul.Logv run
INFO: Thread-34 <?xml version="1.0" encoding="UTF-8"?><dpay><resultcode>0000</resultcode><datetime>2017-10-31 23:32:21 </datetime><com>TOPUP</com><iduser>DPAY00002</iduser><deposit>15000</deposit><counter>35128</counter></dpay>
Oct 31, 2017 11:41:56 PM modul.Logv run
SEVERE: Thread-39 <dpay><com>TOPUP</com><iduser>DPAY00002</iduser><pass>064c5b5054321e3698a570669e7b097e</pass><counter>44703</counter><namapengirim>tester</namapengirim><bankpengirim>panin</bankpengirim><banktujuan>bca</banktujuan><rekpengirim>3478232-242</rekpengirim><rektujuan>2342-234223</rektujuan><nominal>1.7</nominal><matauang>EUR</matauang></dpay>
Oct 31, 2017 11:41:56 PM modul.Logv run
INFO: Thread-39 <?xml version="1.0" encoding="UTF-8"?><dpay><resultcode>0000</resultcode><datetime>2017-10-31 23:41:56 </datetime><com>TOPUP</com><iduser>DPAY00002</iduser><deposit>1.7</deposit><counter>44703</counter></dpay>
Oct 31, 2017 11:42:19 PM modul.Logv run
SEVERE: Thread-44 <dpay><com>TOPUP</com><iduser>DPAY00002</iduser><pass>851bfb799cd19bfeac018464f36ee3b8</pass><counter>98379</counter><namapengirim>tester</namapengirim><bankpengirim>panin</bankpengirim><banktujuan>bca</banktujuan><rekpengirim>3478232-242</rekpengirim><rektujuan>2342-234223</rektujuan><nominal>1,7</nominal><matauang>EUR</matauang></dpay>
Oct 31, 2017 11:42:19 PM modul.Logv run
INFO: Thread-44 <?xml version="1.0" encoding="UTF-8"?><dpay><resultcode>0000</resultcode><datetime>2017-10-31 23:42:19 </datetime><com>TOPUP</com><iduser>DPAY00002</iduser><deposit>1,7</deposit><counter>98379</counter></dpay>
Oct 31, 2017 11:45:19 PM modul.Logv run
SEVERE: Thread-49 <dpay><com>TOPUP</com><iduser>DPAY00002</iduser><pass>578d69ba8aa6c720e26e6e5bceebb69d</pass><counter>57103</counter><namapengirim>tester</namapengirim><bankpengirim>panin</bankpengirim><banktujuan>bca</banktujuan><rekpengirim>3478232-242</rekpengirim><rektujuan>2342-234223</rektujuan><nominal>1.7</nominal><matauang>EUR</matauang></dpay>
Oct 31, 2017 11:45:19 PM modul.Logv run
INFO: Thread-49 <?xml version="1.0" encoding="UTF-8"?><dpay><resultcode>0000</resultcode><datetime>2017-10-31 23:45:19 </datetime><com>TOPUP</com><iduser>DPAY00002</iduser><deposit>1.7</deposit><counter>57103</counter></dpay>
Oct 31, 2017 11:45:38 PM modul.Logv run
SEVERE: Thread-54 <dpay><com>TOPUP</com><iduser>DPAY00002</iduser><pass>6705aab767a397dde3e07d155a8baf44</pass><counter>75159</counter><namapengirim>tester</namapengirim><bankpengirim>panin</bankpengirim><banktujuan>bca</banktujuan><rekpengirim>3478232-242</rekpengirim><rektujuan>2342-234223</rektujuan><nominal>1.7</nominal><matauang>EUR</matauang></dpay>
Oct 31, 2017 11:45:38 PM modul.Logv run
INFO: Thread-54 <?xml version="1.0" encoding="UTF-8"?><dpay><resultcode>0000</resultcode><datetime>2017-10-31 23:45:38 </datetime><com>TOPUP</com><iduser>DPAY00002</iduser><deposit>1.7</deposit><counter>75159</counter></dpay>
Oct 31, 2017 11:47:17 PM modul.Logv run
SEVERE: Thread-59 <dpay><com>TOPUP</com><iduser>DPAY00002</iduser><pass>76c2c958f7bccb5c20124db514400cf6</pass><counter>32879</counter><namapengirim>tester</namapengirim><bankpengirim>panin</bankpengirim><banktujuan>bca</banktujuan><rekpengirim>3478232-242</rekpengirim><rektujuan>2342-234223</rektujuan><nominal>1.7</nominal><matauang>EUR</matauang></dpay>
Oct 31, 2017 11:47:17 PM modul.Logv run
INFO: Thread-59 <?xml version="1.0" encoding="UTF-8"?><dpay><resultcode>0000</resultcode><datetime>2017-10-31 23:47:17 </datetime><com>TOPUP</com><iduser>DPAY00002</iduser><deposit>1.7</deposit><counter>32879</counter></dpay>
Oct 31, 2017 11:50:09 PM modul.Logv run
SEVERE: Thread-64 <dpay><com>TOPUP</com><iduser>DPAY00002</iduser><pass>728945b7cab2a9886c976fcc719aec22</pass><counter>15776</counter><namapengirim>tester</namapengirim><bankpengirim>panin</bankpengirim><banktujuan>bca</banktujuan><rekpengirim>3478232-242</rekpengirim><rektujuan>2342-234223</rektujuan><nominal>1.7</nominal><matauang>EUR</matauang></dpay>
Oct 31, 2017 11:50:09 PM modul.Logv run
INFO: Thread-64 <?xml version="1.0" encoding="UTF-8"?><dpay><resultcode>0000</resultcode><datetime>2017-10-31 23:50:09 </datetime><com>TOPUP</com><iduser>DPAY00002</iduser><deposit>1.7</deposit><counter>15776</counter></dpay>
