May 20, 2018 1:17:21 AM modul.Logv run
SEVERE: Thread-4 {"com":"LOGIN_BRW","idbrw":"PAB00005","pass":"90e530ec57887ccc63587988b7d89b6c","counter":29918}
May 20, 2018 1:17:21 AM modul.Logv run
INFO: Thread-4 {"datetime":"2018-05-20 01:17:20 ","resultcode":"0009"}
May 20, 2018 1:17:35 AM modul.Logv run
SEVERE: Thread-8 {"com":"LOGIN_BRW","idbrw":"PAB00005","pass":"b4a3e6b089ebf4534ca6008ccd9ec9e4","counter":49034}
May 20, 2018 1:17:35 AM modul.Logv run
INFO: Thread-8 {"datetime":"2018-05-20 01:17:35 ","resultcode":"0009"}
May 20, 2018 8:10:16 PM modul.Logv run
SEVERE: Thread-4 {"com":"REGIST_INV","nama":"investku","ktp":"72545345332234","npwp":"948123198910","email":"t0s70@gmail.com","telp_pribadi":"0451324323","sumber":"majalah","kantor":"PT PINJAM AJA","alamat_kantor":"jl. tes ji","telp_kantor":"0411234322","norek":"248758398","atas_nama":"john","bank":"Mandiri","foto":"tes\/jidulu","from_rr":3100000,"to_rr":10000000,"jum_inv":20000000,"durasi":360,"pass":"123","counter":35309}
May 20, 2018 8:10:16 PM modul.Logv run
INFO: Thread-4 {"datetime":"2018-05-20 20:10:15 ","resultcode":"0009"}
May 20, 2018 8:13:20 PM modul.Logv run
SEVERE: Thread-4 {"com":"REGIST_INV","nama":"investku","ktp":"72545345332234","npwp":"948123198910","email":"t0s70@gmail.com","telp_pribadi":"0451324323","sumber":"majalah","kantor":"PT PINJAM AJA","alamat_kantor":"jl. tes ji","telp_kantor":"0411234322","norek":"248758398","atas_nama":"john","bank":"Mandiri","foto":"tes\/jidulu","from_rr":3100000,"to_rr":10000000,"jum_inv":20000000,"durasi":360,"pass":"123","counter":87132}
May 20, 2018 8:13:20 PM modul.Logv run
INFO: Thread-4 {"datetime":"2018-05-20 20:13:19 ","resultcode":"0009"}
May 20, 2018 8:15:39 PM modul.Logv run
SEVERE: Thread-4 {"com":"REGIST_INV","nama":"investku","ktp":"72545345332234","npwp":"948123198910","email":"t0s70@gmail.com","telp_pribadi":"0451324323","sumber":"majalah","kantor":"PT PINJAM AJA","alamat_kantor":"jl. tes ji","telp_kantor":"0411234322","norek":"248758398","atas_nama":"john","bank":"Mandiri","foto":"tes\/jidulu","from_rr":3100000,"to_rr":10000000,"jum_inv":20000000,"durasi":360,"pass":"123","counter":68318}
May 20, 2018 8:15:39 PM modul.Logv run
INFO: Thread-4 {"datetime":"2018-05-20 20:15:38 ","resultcode":"0009"}
May 20, 2018 8:38:58 PM modul.Logv run
SEVERE: Thread-4 {"com":"REGIST_BRW","nama":"tester","alamat":"Jl. Juanda","provinsi":"sulteng","kota":"palu","kecamatan":"besusu","kelurahan":"besusu timur","tempat_lahir":"maluku","tgl_lahir":"1980-03-07","ktp":"739322928225532","npwp":"94812319891077","email":"nasabah3@gmail.com","jum_tanggung":"3","norek":"3423232342","nama_rek":"cobaers","bank":"Danamon","kantor":"PT. HDI","alamat_kantor":"Jl. Samrat","telp_kantor":"0411234123","telp_pribadi":"08122312343","jum_pinjam":1500000,"durasi":100,"tipe":1,"alasan":"biaya sekolah saudara","foto":"tes-@jidulu2","passv":"123","counter":25004}
May 20, 2018 8:38:58 PM modul.Logv run
INFO: Thread-4 {"datetime":"2018-05-20 20:38:57 ","resultcode":"0009"}
May 20, 2018 9:10:11 PM modul.Logv run
SEVERE: Thread-4 {"com":"REGIST_INV","nama":"investku","ktp":"72545345332234","npwp":"948123198910","email":"t0s70@gmail.com","telp_pribadi":"0451324323","sumber":"majalah","kantor":"PT PINJAM AJA","alamat_kantor":"jl. tes ji","telp_kantor":"0411234322","norek":"248758398","atas_nama":"john","bank":"Mandiri","foto":"tes\/jidulu","from_rr":3100000,"to_rr":10000000,"jum_inv":20000000,"durasi":360,"pass":"123","counter":91466}
May 20, 2018 9:10:11 PM modul.Logv run
INFO: Thread-4 {"datetime":"2018-05-20 21:10:10 ","resultcode":"0009"}
