Nov 01, 2017 12:03:13 AM modul.Logv run
SEVERE: Thread-69 <dpay><com>TOPUP</com><iduser>DPAY00002</iduser><pass>7dc23faef5281e6e983d9c7ddd90c3cd</pass><counter>26158</counter><namapengirim>tester</namapengirim><bankpengirim>panin</bankpengirim><banktujuan>bca</banktujuan><rekpengirim>3478232-242</rekpengirim><rektujuan>2342-234223</rektujuan><nominal>1.7</nominal><matauang>IDR</matauang></dpay>
Nov 01, 2017 12:03:13 AM modul.Logv run
INFO: Thread-69 <?xml version="1.0" encoding="UTF-8"?><dpay><resultcode>0000</resultcode><datetime>2017-11-01 00:03:13 </datetime><com>TOPUP</com><iduser>DPAY00002</iduser><deposit>1.7</deposit><counter>26158</counter></dpay>
Nov 01, 2017 12:03:54 AM modul.Logv run
SEVERE: Thread-74 <dpay><com>TOPUP</com><iduser>DPAY00002</iduser><pass>08a4e82013d1b936344f15ee5a4dd478</pass><counter>73814</counter><namapengirim>tester</namapengirim><bankpengirim>panin</bankpengirim><banktujuan>bca</banktujuan><rekpengirim>3478232-242</rekpengirim><rektujuan>2342-234223</rektujuan><nominal>40008</nominal><matauang>IDR</matauang></dpay>
Nov 01, 2017 12:03:54 AM modul.Logv run
INFO: Thread-74 <?xml version="1.0" encoding="UTF-8"?><dpay><resultcode>0000</resultcode><datetime>2017-11-01 00:03:54 </datetime><com>TOPUP</com><iduser>DPAY00002</iduser><deposit>40008</deposit><counter>73814</counter></dpay>
Nov 01, 2017 12:04:36 AM modul.Logv run
SEVERE: Thread-79 <dpay><com>TOPUP</com><iduser>DPAY00002</iduser><pass>ef6ddd9b8abda399336628a40a07c556</pass><counter>12856</counter><namapengirim>tester</namapengirim><bankpengirim>panin</bankpengirim><banktujuan>bca</banktujuan><rekpengirim>3478232-242</rekpengirim><rektujuan>2342-234223</rektujuan><nominal>2.5783</nominal><matauang>USD</matauang></dpay>
Nov 01, 2017 12:04:36 AM modul.Logv run
INFO: Thread-79 <?xml version="1.0" encoding="UTF-8"?><dpay><resultcode>0000</resultcode><datetime>2017-11-01 00:04:36 </datetime><com>TOPUP</com><iduser>DPAY00002</iduser><deposit>2.5783</deposit><counter>12856</counter></dpay>
Nov 01, 2017 11:53:09 AM modul.Logv run
SEVERE: Thread-5 <dpay><com>CEKUSER</com><iduser>DPAY00002</iduser><pass>09d4c30324f23a3de38bdba6d7c6cd1d</pass><counter>67117</counter></dpay>
Nov 01, 2017 11:53:09 AM modul.Logv run
INFO: Thread-5 <?xml version="1.0" encoding="UTF-8"?><dpay><resultcode>0000</resultcode><datetime>2017-11-01 11:53:08 </datetime><com>CEKUSER</com><iduser>DPAY00002</iduser><email>null</email><ktp>null</ktp><depousd>null</depousd><depoidr>null</depoidr><depoeur>null</depoeur><counter>67117</counter></dpay>
Nov 01, 2017 11:55:31 AM modul.Logv run
SEVERE: Thread-10 <dpay><com>CEKUSER</com><iduser>DPAY00002</iduser><pass>5c15bd0925ee37cd87bacd2ec06d835e</pass><counter>20384</counter></dpay>
Nov 01, 2017 11:55:31 AM modul.Logv run
INFO: Thread-10 <?xml version="1.0" encoding="UTF-8"?><dpay><resultcode>0000</resultcode><datetime>2017-11-01 11:55:31 </datetime><com>CEKUSER</com><iduser>DPAY00002</iduser><email>null</email><ktp>null</ktp><depousd>null</depousd><depoidr>null</depoidr><depoeur>null</depoeur><counter>20384</counter></dpay>
Nov 01, 2017 11:59:54 AM modul.Logv run
SEVERE: Thread-15 <dpay><com>CEKUSER</com><iduser>DPAY00002</iduser><pass>386d074fd9201c0cc54dda8e94be7f72</pass><counter>10071</counter></dpay>
Nov 01, 2017 11:59:54 AM modul.Logv run
INFO: Thread-15 <?xml version="1.0" encoding="UTF-8"?><dpay><resultcode>0000</resultcode><datetime>2017-11-01 11:59:54 </datetime><com>CEKUSER</com><iduser>DPAY00002</iduser><email>null</email><ktp>null</ktp><depousd>null</depousd><depoidr>null</depoidr><depoeur>null</depoeur><counter>10071</counter></dpay>
Nov 01, 2017 12:05:09 PM modul.Logv run
SEVERE: Thread-20 <dpay><com>CEKUSER</com><iduser>DPAY00002</iduser><pass>e866506b352331a3d7be9b07983cafc8</pass><counter>37627</counter></dpay>
Nov 01, 2017 12:05:09 PM modul.Logv run
INFO: Thread-20 <?xml version="1.0" encoding="UTF-8"?><dpay><resultcode>0000</resultcode><datetime>2017-11-01 12:05:09 </datetime><com>CEKUSER</com><iduser>DPAY00002</iduser><email>null</email><ktp>null</ktp><depousd>null</depousd><depoidr>null</depoidr><depoeur>null</depoeur><counter>37627</counter></dpay>
Nov 01, 2017 12:30:08 PM modul.Logv run
SEVERE: Thread-5 <dpay><com>CEKUSER</com><iduser>DPAY00002</iduser><pass>fff6eaf4ed17add9caf539b00fcff25b</pass><counter>12741</counter></dpay>
Nov 01, 2017 12:30:08 PM modul.Logv run
INFO: Thread-5 <?xml version="1.0" encoding="UTF-8"?><dpay><resultcode>0000</resultcode><datetime>2017-11-01 12:30:07 </datetime><com>CEKUSER</com><iduser>DPAY00002</iduser><email>null</email><ktp>null</ktp><depousd>null</depousd><depoidr>null</depoidr><depoeur>null</depoeur><counter>12741</counter></dpay>
Nov 01, 2017 12:36:27 PM modul.Logv run
SEVERE: Thread-5 <dpay><com>CEKUSER</com><iduser>DPAY00002</iduser><pass>ae5872c6cb45a9b9091cd2086fd7e978</pass><counter>86747</counter></dpay>
Nov 01, 2017 12:36:27 PM modul.Logv run
INFO: Thread-5 <?xml version="1.0" encoding="UTF-8"?><dpay><resultcode>0000</resultcode><datetime>2017-11-01 12:36:26 </datetime><com>CEKUSER</com><iduser>DPAY00002</iduser><email>tester2345@gmail.com</email><ktp>9388203453498031</ktp><depousd>3.5783</depousd><depoidr>70000</depoidr><depoeur>13.2234</depoeur><counter>86747</counter></dpay>
Nov 01, 2017 12:50:34 PM modul.Logv run
SEVERE: Thread-5 <dpay><com>CEKUSER</com><iduser>DPAY00002</iduser><pass>d864fae8b966bed4ec2cc1c506ad862f</pass><counter>95347</counter></dpay>
Nov 01, 2017 12:50:34 PM modul.Logv run
INFO: Thread-5 <?xml version="1.0" encoding="UTF-8"?><dpay><resultcode>0000</resultcode><datetime>2017-11-01 12:50:33 </datetime><com>CEKUSER</com><iduser>DPAY00002</iduser><email>tester2345@gmail.com</email><ktp>9388203453498031</ktp><depousd>3.5783</depousd><depoidr>70000</depoidr><depoeur>13.2234</depoeur><counter>95347</counter></dpay>
Nov 01, 2017 3:33:52 PM modul.Logv run
SEVERE: Thread-17 <dpay><com>CEKUSER</com><iduser>DPAY00002</iduser><pass>e4a18b75ad8e8afd8772e8288795f0cd</pass><counter>73366</counter></dpay>
Nov 01, 2017 3:33:52 PM modul.Logv run
INFO: Thread-17 <?xml version="1.0" encoding="UTF-8"?><dpay><resultcode>0000</resultcode><datetime>2017-11-01 15:33:52 </datetime><com>CEKUSER</com><iduser>DPAY00002</iduser><email>tester2345@gmail.com</email><ktp>9388203453498031</ktp><depousd>3.5583</depousd><depoidr>70000</depoidr><depoeur>13.2234</depoeur><counter>73366</counter></dpay>
Nov 01, 2017 3:35:59 PM modul.Logv run
SEVERE: Thread-5 <dpay><com>CEKUSER</com><iduser>DPAY00002</iduser><pass>931ccc49d7bd87d8431864cfc567bfbe</pass><counter>18311</counter></dpay>
Nov 01, 2017 3:35:59 PM modul.Logv run
INFO: Thread-5 <?xml version="1.0" encoding="UTF-8"?><dpay><resultcode>0000</resultcode><datetime>2017-11-01 15:35:59 </datetime><com>CEKUSER</com><iduser>DPAY00002</iduser><email>tester2345@gmail.com</email><ktp>9388203453498031</ktp><depousd>3.5583</depousd><depoidr>70000</depoidr><depoeur>13.2234</depoeur><counter>18311</counter></dpay>
