Nov 13, 2017 12:34:39 PM modul.Logv run
SEVERE: Thread-5 <dpay><com>CEKUSER</com><iduser>DPAY00002</iduser><pass>349354889891466f224d0684b26e3c84</pass><counter>24010</counter></dpay>
Nov 13, 2017 12:34:39 PM modul.Logv run
INFO: Thread-5 <?xml version="1.0" encoding="UTF-8"?><dpay><resultcode>0000</resultcode><datetime>2017-11-13 12:34:38 </datetime><com>CEKUSER</com><iduser>DPAY00002</iduser><email>tester2345@gmail.com</email><ktp>9388203453498031</ktp><depousd>3.5483</depousd><depoidr>70000</depoidr><depoeur>13.2234</depoeur><counter>24010</counter></dpay>
Nov 13, 2017 1:38:38 PM modul.Logv run
SEVERE: Thread-17 <dpay><com>CEKUSER</com><iduser>DPAY00002</iduser><pass>ajhjha984729jhf</pass><counter>78990</counter></dpay>
Nov 13, 2017 1:38:38 PM modul.Logv run
SEVERE: Thread-19 
Nov 13, 2017 1:38:38 PM modul.Logv run
INFO: Thread-17 <?xml version="1.0" encoding="UTF-8"?><dpay><resultcode>0003</resultcode><datetime>2017-11-13 13:38:38 </datetime><com>CEKUSER</com></dpay>
Nov 13, 2017 1:38:38 PM modul.Logv run
INFO: Thread-19 <?xml version="1.0" encoding="UTF-8"?><dpay><resultcode>0009</resultcode><datetime>2017-11-13 13:38:38 </datetime></dpay>
Nov 13, 2017 1:39:38 PM modul.Logv run
SEVERE: Thread-5 <dpay><com>CEKUSER</com><iduser>DPAY00002</iduser><pass>ajhjha984729jhf</pass><counter>78990</counter></dpay>
Nov 13, 2017 1:39:38 PM modul.Logv run
INFO: Thread-5 <?xml version="1.0" encoding="UTF-8"?><dpay><resultcode>0003</resultcode><datetime>2017-11-13 13:39:38 </datetime><com>CEKUSER</com></dpay>
Nov 13, 2017 1:40:02 PM modul.Logv run
SEVERE: Thread-12 <dpay><com>CEKUSER</com><iduser>DPAY00002</iduser><pass>ajhjha984729jhf</pass><counter>78990</counter></dpay>
Nov 13, 2017 1:40:02 PM modul.Logv run
INFO: Thread-12 <?xml version="1.0" encoding="UTF-8"?><dpay><resultcode>0003</resultcode><datetime>2017-11-13 13:40:02 </datetime><com>CEKUSER</com></dpay>
Nov 13, 2017 1:40:26 PM modul.Logv run
SEVERE: Thread-17 <dpay><com>CEKUSER</com><iduser>DPAY00002</iduser><pass>ajhjha984729jhf</pass><counter>78990</counter></dpay>
Nov 13, 2017 1:40:26 PM modul.Logv run
SEVERE: Thread-19 
Nov 13, 2017 1:40:26 PM modul.Logv run
INFO: Thread-17 <?xml version="1.0" encoding="UTF-8"?><dpay><resultcode>0003</resultcode><datetime>2017-11-13 13:40:26 </datetime><com>CEKUSER</com></dpay>
Nov 13, 2017 1:40:26 PM modul.Logv run
INFO: Thread-19 <?xml version="1.0" encoding="UTF-8"?><dpay><resultcode>0009</resultcode><datetime>2017-11-13 13:40:26 </datetime></dpay>
Nov 13, 2017 1:48:54 PM modul.Logv run
SEVERE: Thread-5 <dpay><com>CEKUSER</com><iduser>DPAY00002</iduser><pass>ajhjha984729jhf</pass><counter>78990</counter></dpay>
Nov 13, 2017 1:48:54 PM modul.Logv run
INFO: Thread-5 <?xml version="1.0" encoding="UTF-8"?><dpay><resultcode>0003</resultcode><datetime>2017-11-13 13:48:54 </datetime><com>CEKUSER</com></dpay>
Nov 13, 2017 1:50:52 PM modul.Logv run
SEVERE: Thread-5 <dpay><com>CEKUSER</com><iduser>DPAY00002</iduser><pass>ajhjha984729jhf</pass><counter>78990</counter></dpay>
Nov 13, 2017 1:50:52 PM modul.Logv run
INFO: Thread-5 <?xml version="1.0" encoding="UTF-8"?><dpay><resultcode>0003</resultcode><datetime>2017-11-13 13:50:52 </datetime><com>CEKUSER</com></dpay>

Nov 13, 2017 1:54:41 PM modul.Logv run
SEVERE: Thread-5 <dpay><com>CEKUSER</com><iduser>DPAY00002</iduser><pass>ajhjha984729jhf</pass><counter>78990</counter></dpay>
Nov 13, 2017 1:54:41 PM modul.Logv run
INFO: Thread-5 <?xml version="1.0" encoding="UTF-8"?><dpay><resultcode>0003</resultcode><datetime>2017-11-13 13:54:41 </datetime><com>CEKUSER</com></dpay>
Nov 13, 2017 1:55:40 PM modul.Logv run
SEVERE: Thread-5 <dpay><com>CEKUSER</com><iduser>DPAY00002</iduser><pass>ajhjha984729jhf</pass><counter>78990</counter></dpay>
Nov 13, 2017 1:55:40 PM modul.Logv run
INFO: Thread-5 <?xml version="1.0" encoding="UTF-8"?><dpay><resultcode>0003</resultcode><datetime>2017-11-13 13:55:40 </datetime><com>CEKUSER</com></dpay>
Nov 13, 2017 1:56:21 PM modul.Logv run
SEVERE: Thread-10 <dpay><com>CEKUSER</com><iduser>DPAY00002</iduser><pass>e1f245acad595e077adf71947b2721a9</pass><counter>24040</counter></dpay>
Nov 13, 2017 1:56:21 PM modul.Logv run
INFO: Thread-10 <?xml version="1.0" encoding="UTF-8"?><dpay><resultcode>0000</resultcode><datetime>2017-11-13 13:56:21 </datetime><com>CEKUSER</com><iduser>DPAY00002</iduser><email>tester2345@gmail.com</email><ktp>9388203453498031</ktp><depousd>3.5483</depousd><depoidr>70000</depoidr><depoeur>13.2234</depoeur><counter>24040</counter></dpay>
Nov 13, 2017 2:11:57 PM modul.Logv run
SEVERE: Thread-5 <dpay><com>CEKUSER</com><iduser>DPAY00002</iduser><pass>495a4c3bdaee53c6c574b661d288e604</pass><counter>78999</counter></dpay>
Nov 13, 2017 2:11:57 PM modul.Logv run
INFO: Thread-5 <?xml version="1.0" encoding="UTF-8"?><dpay><resultcode>0000</resultcode><datetime>2017-11-13 14:11:56 </datetime><com>CEKUSER</com><iduser>DPAY00002</iduser><email>tester2345@gmail.com</email><ktp>9388203453498031</ktp><depousd>3.5483</depousd><depoidr>70000</depoidr><depoeur>13.2234</depoeur><counter>78999</counter></dpay>
