May 19, 2018 2:42:45 AM modul.Logv run
SEVERE: Thread-8 {"com":"REGIST_BRW","nama":"tester","alamat":"Jl. Juanda","provinsi":"sulteng","kota":"palu","kecamatan":"besusu","kelurahan":"besusu timur","tempat_lahir":"maluku","tgl_lahir":"1980-03-07","ktp":"739348928029223","npwp":"948123198910","email":"tes@gmail.com","jum_tanggung":"3","norek":"3423232342","nama_rek":"cobaers","bank":"Danamon","kantor":"PT. HDI","alamat_kantor":"Jl. Samrat","telp_kantor":"0411234123","telp_pribadi":"08122312343","passv":"123","counter":52544}
May 19, 2018 2:42:45 AM modul.Logv run
INFO: Thread-8 {"com":"REGIST_BRW","datetime":"2018-05-19 02:42:45 ","iduser":"PAB00001","resultcode":"0000","counter":null}
May 19, 2018 2:43:59 AM modul.Logv run
SEVERE: Thread-12 {"com":"REGIST_BRW","nama":"tester","alamat":"Jl. Juanda","provinsi":"sulteng","kota":"palu","kecamatan":"besusu","kelurahan":"besusu timur","tempat_lahir":"maluku","tgl_lahir":"1980-03-07","ktp":"739348928029223","npwp":"948123198910","email":"tes@gmail.com","jum_tanggung":"3","norek":"3423232342","nama_rek":"cobaers","bank":"Danamon","kantor":"PT. HDI","alamat_kantor":"Jl. Samrat","telp_kantor":"0411234123","telp_pribadi":"08122312343","passv":"123","counter":49655}
May 19, 2018 2:43:59 AM modul.Logv run
INFO: Thread-12 {"result":"Data User Sudah Ada","com":"REGIST_BRW","datetime":"2018-05-19 02:43:59 ","resultcode":"0001"}
May 19, 2018 2:45:22 AM modul.Logv run
SEVERE: Thread-16 {"com":"REGIST_BRW","nama":"tester","alamat":"Jl. Juanda","provinsi":"sulteng","kota":"palu","kecamatan":"besusu","kelurahan":"besusu timur","tempat_lahir":"maluku","tgl_lahir":"1980-03-07","ktp":"739348928339223","npwp":"948123198910","email":"tes2@gmail.com","jum_tanggung":"3","norek":"3423232342","nama_rek":"cobaers","bank":"Danamon","kantor":"PT. HDI","alamat_kantor":"Jl. Samrat","telp_kantor":"0411234123","telp_pribadi":"08122312343","passv":"123","counter":29555}
May 19, 2018 2:45:22 AM modul.Logv run
INFO: Thread-16 {"com":"REGIST_BRW","datetime":"2018-05-19 02:45:22 ","iduser":"PAB00002","resultcode":"0000","counter":null}
May 19, 2018 2:54:28 AM modul.Logv run
SEVERE: Thread-4 {"com":"REGIST_BRW","nama":"tester","alamat":"Jl. Juanda","provinsi":"sulteng","kota":"palu","kecamatan":"besusu","kelurahan":"besusu timur","tempat_lahir":"maluku","tgl_lahir":"1980-03-07","ktp":"739348928239223","npwp":"948123198910","email":"tes3@gmail.com","jum_tanggung":"3","norek":"3423232342","nama_rek":"cobaers","bank":"Danamon","kantor":"PT. HDI","alamat_kantor":"Jl. Samrat","telp_kantor":"0411234123","telp_pribadi":"08122312343","passv":"123","counter":31659}
May 19, 2018 2:54:28 AM modul.Logv run
INFO: Thread-4 {"com":"REGIST_BRW","datetime":"2018-05-19 02:54:28 ","iduser":"PAB00003","resultcode":"0000","counter":"31223"}
May 19, 2018 2:57:23 AM modul.Logv run
SEVERE: Thread-4 {"com":"REGIST_BRW","nama":"tester","alamat":"Jl. Juanda","provinsi":"sulteng","kota":"palu","kecamatan":"besusu","kelurahan":"besusu timur","tempat_lahir":"maluku","tgl_lahir":"1980-03-07","ktp":"739348928234223","npwp":"948123198910","email":"tes4@gmail.com","jum_tanggung":"3","norek":"3423232342","nama_rek":"cobaers","bank":"Danamon","kantor":"PT. HDI","alamat_kantor":"Jl. Samrat","telp_kantor":"0411234123","telp_pribadi":"08122312343","passv":"123","counter":22609}
May 19, 2018 2:57:23 AM modul.Logv run
INFO: Thread-4 {"com":"REGIST_BRW","datetime":"2018-05-19 02:57:23 ","iduser":"PAB00004","resultcode":"0000","counter":null}
May 19, 2018 3:01:25 AM modul.Logv run
SEVERE: Thread-4 {"com":"REGIST_BRW","nama":"tester","alamat":"Jl. Juanda","provinsi":"sulteng","kota":"palu","kecamatan":"besusu","kelurahan":"besusu timur","tempat_lahir":"maluku","tgl_lahir":"1980-03-07","ktp":"739348928225223","npwp":"948123198910","email":"tes5@gmail.com","jum_tanggung":"3","norek":"3423232342","nama_rek":"cobaers","bank":"Danamon","kantor":"PT. HDI","alamat_kantor":"Jl. Samrat","telp_kantor":"0411234123","telp_pribadi":"08122312343","passv":"123","counter":36004}
May 19, 2018 3:01:25 AM modul.Logv run
INFO: Thread-4 {"com":"REGIST_BRW","datetime":"2018-05-19 03:01:24 ","iduser":"PAB00005","resultcode":"0000","counter":null}
May 19, 2018 3:09:44 AM modul.Logv run
SEVERE: Thread-4 {"com":"LOGIN_BRW","idbrw":"PAB00002","passv":"123","counter":59924}
May 19, 2018 3:09:44 AM modul.Logv run
INFO: Thread-4 {"com":"LOGIN_INV","datetime":"2018-05-19 03:09:43 ","resultcode":"0003"}
May 19, 2018 3:11:11 AM modul.Logv run
SEVERE: Thread-4 {"com":"LOGIN_BRW","idbrw":"PAB00002","passv":"123","counter":50534}
May 19, 2018 3:11:11 AM modul.Logv run
INFO: Thread-4 {"com":"LOGIN_BRW","datetime":"2018-05-19 03:11:11 ","resultcode":"0003"}
May 19, 2018 3:26:30 AM modul.Logv run
SEVERE: Thread-8 {"com":"LOGIN_BRW","idbrw":"PAB00002","pass":"98336bd68deee1ad0fee512dbade61dd","counter":66181}
May 19, 2018 3:26:30 AM modul.Logv run
INFO: Thread-8 {"com":"LOGIN_BRW","datetime":"2018-05-19 03:26:30 ","resultcode":"0003"}
May 19, 2018 3:28:52 AM modul.Logv run
SEVERE: Thread-4 {"com":"LOGIN_BRW","idbrw":"PAB00002","pass":"318cb11c333715c39d759d077f9a5dbc","counter":97385}
May 19, 2018 3:28:52 AM modul.Logv run
INFO: Thread-4 {"com":"LOGIN_BRW","datetime":"2018-05-19 03:28:52 ","resultcode":"0003","counter":null}
May 19, 2018 3:39:56 AM modul.Logv run
SEVERE: Thread-4 {"com":"REGIST_INV","nama":"investku","ktp":"3424236467342","npwp":"3687852342","email":"tes@gmail.com","telp_pribadi":"0451324323","sumber":"majalah","kantor":"PT PINJAM AJA","alamat_kantor":"jl. tes ji","telp_kantor":"0411234322","norek":"248758398","atas_nama":"john","bank":"Mandiri","from_rr":"0.31","to_rr":"1.43","pass":"123","counter":12469}
May 19, 2018 3:39:56 AM modul.Logv run
INFO: Thread-4 {"resulcode":"0001","com":"REGIST_INV","resul":"Data User Sudah Ada","datetime":"2018-05-19 03:39:56 ","iduser":null,"counter":null}
May 19, 2018 3:41:34 AM modul.Logv run
SEVERE: Thread-4 {"com":"REGIST_INV","nama":"investku","ktp":"3424236467342","npwp":"3687852342","email":"tes@gmail.com","telp_pribadi":"0451324323","sumber":"majalah","kantor":"PT PINJAM AJA","alamat_kantor":"jl. tes ji","telp_kantor":"0411234322","norek":"248758398","atas_nama":"john","bank":"Mandiri","from_rr":"0.31","to_rr":"1.43","pass":"123","counter":93369}
May 19, 2018 3:41:34 AM modul.Logv run
INFO: Thread-4 {"resulcode":"0000","com":"REGIST_INV","datetime":"2018-05-19 03:41:33 ","iduser":"PAI00001","counter":null}
May 19, 2018 3:41:46 AM modul.Logv run
SEVERE: Thread-8 {"com":"REGIST_INV","nama":"investku","ktp":"3424236467342","npwp":"3687852342","email":"tes@gmail.com","telp_pribadi":"0451324323","sumber":"majalah","kantor":"PT PINJAM AJA","alamat_kantor":"jl. tes ji","telp_kantor":"0411234322","norek":"248758398","atas_nama":"john","bank":"Mandiri","from_rr":"0.31","to_rr":"1.43","pass":"123","counter":27578}
May 19, 2018 3:41:46 AM modul.Logv run
INFO: Thread-8 {"resulcode":"0001","result":"Data User Sudah Ada","com":"REGIST_INV","datetime":"2018-05-19 03:41:46 ","iduser":null,"counter":null}
May 19, 2018 3:42:18 AM modul.Logv run
SEVERE: Thread-4 {"com":"REGIST_INV","nama":"investku","ktp":"3424236467342","npwp":"3687852342","email":"tes@gmail.com","telp_pribadi":"0451324323","sumber":"majalah","kantor":"PT PINJAM AJA","alamat_kantor":"jl. tes ji","telp_kantor":"0411234322","norek":"248758398","atas_nama":"john","bank":"Mandiri","from_rr":"0.31","to_rr":"1.43","pass":"123","counter":38396}
May 19, 2018 3:42:18 AM modul.Logv run
INFO: Thread-4 {"resulcode":"0001","result":"Data User Sudah Ada","com":"REGIST_INV","datetime":"2018-05-19 03:42:17 ","counter":null}
May 19, 2018 3:43:01 AM modul.Logv run
SEVERE: Thread-8 {"com":"REGIST_INV","nama":"investku","ktp":"3424236467342","npwp":"3687852342","email":"tes2@gmail.com","telp_pribadi":"0451324323","sumber":"majalah","kantor":"PT PINJAM AJA","alamat_kantor":"jl. tes ji","telp_kantor":"0411234322","norek":"248758398","atas_nama":"john","bank":"Mandiri","from_rr":"0.31","to_rr":"1.43","pass":"123","counter":69922}
May 19, 2018 3:43:01 AM modul.Logv run
INFO: Thread-8 {"resulcode":"0001","result":"Data User Sudah Ada","com":"REGIST_INV","datetime":"2018-05-19 03:43:01 ","counter":null}
May 19, 2018 3:43:45 AM modul.Logv run
SEVERE: Thread-12 {"com":"REGIST_INV","nama":"investku","ktp":"3424236467342","npwp":"3687852342","email":"tes2@gmail.com","telp_pribadi":"0451324323","sumber":"majalah","kantor":"PT PINJAM AJA","alamat_kantor":"jl. tes ji","telp_kantor":"0411234322","norek":"248758398","atas_nama":"john","bank":"Mandiri","from_rr":"0.31","to_rr":"1.43","pass":"123","counter":47334}
May 19, 2018 3:43:45 AM modul.Logv run
INFO: Thread-12 {"resulcode":"0001","result":"Data User Sudah Ada","com":"REGIST_INV","datetime":"2018-05-19 03:43:45 ","counter":null}
May 19, 2018 3:44:55 AM modul.Logv run
SEVERE: Thread-16 {"com":"REGIST_INV","nama":"investku","ktp":"3424236467342","npwp":"3687852342","email":"tes3@gmail.com","telp_pribadi":"0451324323","sumber":"majalah","kantor":"PT PINJAM AJA","alamat_kantor":"jl. tes ji","telp_kantor":"0411234322","norek":"248758398","atas_nama":"john","bank":"Mandiri","from_rr":"0.31","to_rr":"1.43","pass":"123","counter":69674}
May 19, 2018 3:44:55 AM modul.Logv run
INFO: Thread-16 {"resulcode":"0001","result":"Data User Sudah Ada","com":"REGIST_INV","datetime":"2018-05-19 03:44:55 ","counter":null}
May 19, 2018 3:48:18 AM modul.Logv run
SEVERE: Thread-4 {"com":"REGIST_INV","nama":"investku","ktp":"3424236467342","npwp":"3687852342","email":"tes3@gmail.com","telp_pribadi":"0451324323","sumber":"majalah","kantor":"PT PINJAM AJA","alamat_kantor":"jl. tes ji","telp_kantor":"0411234322","norek":"248758398","atas_nama":"john","bank":"Mandiri","from_rr":"0.31","to_rr":"1.43","pass":"123","counter":24293}
May 19, 2018 3:48:18 AM modul.Logv run
INFO: Thread-4 {"resulcode":"0000","com":"REGIST_INV","datetime":"2018-05-19 03:48:17 ","iduser":"PAI00001","counter":null}
May 19, 2018 3:48:22 AM modul.Logv run
SEVERE: Thread-8 {"com":"REGIST_INV","nama":"investku","ktp":"3424236467342","npwp":"3687852342","email":"tes3@gmail.com","telp_pribadi":"0451324323","sumber":"majalah","kantor":"PT PINJAM AJA","alamat_kantor":"jl. tes ji","telp_kantor":"0411234322","norek":"248758398","atas_nama":"john","bank":"Mandiri","from_rr":"0.31","to_rr":"1.43","pass":"123","counter":88741}
May 19, 2018 3:48:22 AM modul.Logv run
INFO: Thread-8 {"resulcode":"0001","result":"Data User Sudah Ada","com":"REGIST_INV","datetime":"2018-05-19 03:48:22 ","counter":null}
May 19, 2018 3:48:47 AM modul.Logv run
SEVERE: Thread-12 {"com":"REGIST_INV","nama":"investku","ktp":"3424236467342","npwp":"3687852342","email":"tes@gmail.com","telp_pribadi":"0451324323","sumber":"majalah","kantor":"PT PINJAM AJA","alamat_kantor":"jl. tes ji","telp_kantor":"0411234322","norek":"248758398","atas_nama":"john","bank":"Mandiri","from_rr":"0.31","to_rr":"1.43","pass":"123","counter":84437}
May 19, 2018 3:48:47 AM modul.Logv run
INFO: Thread-12 {"resulcode":"0001","result":"Data User Sudah Ada","com":"REGIST_INV","datetime":"2018-05-19 03:48:47 ","counter":null}
May 19, 2018 3:51:54 AM modul.Logv run
SEVERE: Thread-16 {"com":"REGIST_INV","nama":"investku","ktp":"7254534533453","npwp":"948123198910","email":"t0s@gmail.com","telp_pribadi":"0451324323","sumber":"majalah","kantor":"PT PINJAM AJA","alamat_kantor":"jl. tes ji","telp_kantor":"0411234322","norek":"248758398","atas_nama":"john","bank":"Mandiri","from_rr":"0.31","to_rr":"1.43","pass":"123","counter":16913}
May 19, 2018 3:51:54 AM modul.Logv run
INFO: Thread-16 {"resulcode":"0000","com":"REGIST_INV","datetime":"2018-05-19 03:51:54 ","iduser":"PAI00002","counter":null}
May 19, 2018 3:56:04 AM modul.Logv run
SEVERE: Thread-4 {"com":"LOGIN_INV","idinv":"PAI00001","pass":"010cea7804b47ef2f76c0101189cae68","counter":15251}
May 19, 2018 3:56:04 AM modul.Logv run
INFO: Thread-4 {"com":"LOGIN_INV","datetime":"2018-05-19 03:56:03 ","resultcode":"0003"}
May 19, 2018 4:00:11 AM modul.Logv run
SEVERE: Thread-8 {"com":"REGIST_INV","nama":"investku","ktp":"7254534533431","npwp":"948123198910","email":"t0s2@gmail.com","telp_pribadi":"0451324323","sumber":"majalah","kantor":"PT PINJAM AJA","alamat_kantor":"jl. tes ji","telp_kantor":"0411234322","norek":"248758398","atas_nama":"john","bank":"Mandiri","from_rr":"0.31","to_rr":"1.43","pass":"123","counter":87566}
May 19, 2018 4:00:11 AM modul.Logv run
INFO: Thread-8 {"resulcode":"0000","com":"REGIST_INV","datetime":"2018-05-19 04:00:11 ","iduser":"PAI00003","counter":null}
May 19, 2018 4:03:27 AM modul.Logv run
SEVERE: Thread-12 {"com":"REGIST_INV","nama":"investku","ktp":"7254534533555","npwp":"948123198910","email":"t0s3@gmail.com","telp_pribadi":"0451324323","sumber":"majalah","kantor":"PT PINJAM AJA","alamat_kantor":"jl. tes ji","telp_kantor":"0411234322","norek":"248758398","atas_nama":"john","bank":"Mandiri","from_rr":"0.31","to_rr":"1.43","pass":"123","counter":48855}
May 19, 2018 4:03:27 AM modul.Logv run
INFO: Thread-12 {"resulcode":"0000","com":"REGIST_INV","datetime":"2018-05-19 04:03:27 ","iduser":"PAI00004","counter":null}
May 19, 2018 10:44:42 AM modul.Logv run
SEVERE: Thread-4 {"com":"REGIST_BRW","nama":"tester","alamat":"Jl. Juanda","provinsi":"sulteng","kota":"palu","kecamatan":"besusu","kelurahan":"besusu timur","tempat_lahir":"maluku","tgl_lahir":"1980-03-07","ktp":"739322928225223","npwp":"94812319891077","email":"tes7@gmail.com","jum_tanggung":"3","norek":"3423232342","nama_rek":"cobaers","bank":"Danamon","kantor":"PT. HDI","alamat_kantor":"Jl. Samrat","telp_kantor":"0411234123","telp_pribadi":"08122312343","passv":"123","counter":53939}
May 19, 2018 10:44:42 AM modul.Logv run
INFO: Thread-4 {"com":"REGIST_BRW","datetime":"2018-05-19 10:44:41 ","iduser":"PAB00006","resultcode":"0000","counter":null}
May 19, 2018 10:50:03 AM modul.Logv run
SEVERE: Thread-4 {"com":"REGIST_BRW","nama":"tester","alamat":"Jl. Juanda","provinsi":"sulteng","kota":"palu","kecamatan":"besusu","kelurahan":"besusu timur","tempat_lahir":"maluku","tgl_lahir":"1980-03-07","ktp":"739322928225217","npwp":"94812319891077","email":"tes8@gmail.com","jum_tanggung":"3","norek":"3423232342","nama_rek":"cobaers","bank":"Danamon","kantor":"PT. HDI","alamat_kantor":"Jl. Samrat","telp_kantor":"0411234123","telp_pribadi":"08122312343","passv":"123","counter":64843}
May 19, 2018 10:50:03 AM modul.Logv run
INFO: Thread-4 {"com":"REGIST_BRW","datetime":"2018-05-19 10:50:02 ","iduser":"PAB00007","resultcode":"0000","counter":null}
May 19, 2018 10:53:29 AM modul.Logv run
SEVERE: Thread-4 {"com":"REGIST_BRW","nama":"tester","alamat":"Jl. Juanda","provinsi":"sulteng","kota":"palu","kecamatan":"besusu","kelurahan":"besusu timur","tempat_lahir":"maluku","tgl_lahir":"1980-03-07","ktp":"739322928225266","npwp":"94812319891077","email":"tes9@gmail.com","jum_tanggung":"3","norek":"3423232342","nama_rek":"cobaers","bank":"Danamon","kantor":"PT. HDI","alamat_kantor":"Jl. Samrat","telp_kantor":"0411234123","telp_pribadi":"08122312343","passv":"123","counter":42846}
May 19, 2018 10:53:29 AM modul.Logv run
INFO: Thread-4 {"com":"REGIST_BRW","datetime":"2018-05-19 10:53:29 ","iduser":"PAB00008","resultcode":"0000","counter":null}
May 19, 2018 10:55:33 AM modul.Logv run
SEVERE: Thread-8 {"com":"REGIST_BRW","nama":"tester","alamat":"Jl. Juanda","provinsi":"sulteng","kota":"palu","kecamatan":"besusu","kelurahan":"besusu timur","tempat_lahir":"maluku","tgl_lahir":"1980-03-07","ktp":"739322928225290","npwp":"94812319891077","email":"tes10@gmail.com","jum_tanggung":"3","norek":"3423232342","nama_rek":"cobaers","bank":"Danamon","kantor":"PT. HDI","alamat_kantor":"Jl. Samrat","telp_kantor":"0411234123","telp_pribadi":"08122312343","passv":"123","counter":"60690"}
May 19, 2018 10:55:33 AM modul.Logv run
INFO: Thread-8 {"com":"REGIST_BRW","datetime":"2018-05-19 10:55:33 ","iduser":"PAB00009","resultcode":"0000","counter":"60690"}
May 19, 2018 10:57:30 AM modul.Logv run
SEVERE: Thread-4 {"com":"LOGIN_BRW","idbrw":"PAB00002","pass":"d1b3cf19d705567bfea3a5bdcc62b752","counter":"43620"}
May 19, 2018 10:57:30 AM modul.Logv run
INFO: Thread-4 {"com":"LOGIN_BRW","datetime":"2018-05-19 10:57:30 ","nama":"tester","idbrw":"PAB00002","resultcode":"0000","counter":"43620"}
May 19, 2018 10:58:01 AM modul.Logv run
SEVERE: Thread-8 {"com":"LOGIN_BRW","idbrw":"PAB00002","pass":"f12320af9ccea2e6cca8e220a59be870","counter":"45466"}
May 19, 2018 10:58:01 AM modul.Logv run
INFO: Thread-8 {"com":"LOGIN_BRW","datetime":"2018-05-19 10:58:01 ","resultcode":"0003","counter":"45466"}
May 19, 2018 10:58:14 AM modul.Logv run
SEVERE: Thread-12 {"com":"LOGIN_BRW","idbrw":"PAB00002","pass":"251a45e98a8155ad50b35ee82703621b","counter":"27111"}
May 19, 2018 10:58:14 AM modul.Logv run
INFO: Thread-12 {"com":"LOGIN_BRW","datetime":"2018-05-19 10:58:13 ","nama":"tester","idbrw":"PAB00002","resultcode":"0000","counter":"27111"}
May 19, 2018 10:59:36 AM modul.Logv run
SEVERE: Thread-16 {"com":"REGIST_INV","nama":"investku","ktp":"7254534533555","npwp":"948123198910","email":"t0s3@gmail.com","telp_pribadi":"0451324323","sumber":"majalah","kantor":"PT PINJAM AJA","alamat_kantor":"jl. tes ji","telp_kantor":"0411234322","norek":"248758398","atas_nama":"john","bank":"Mandiri","from_rr":"0.31","to_rr":"1.43","pass":"123","counter":"55590"}
May 19, 2018 10:59:36 AM modul.Logv run
INFO: Thread-16 {"resulcode":"0001","result":"Data User Sudah Ada","com":"REGIST_INV","datetime":"2018-05-19 10:59:36 ","counter":"55590"}
May 19, 2018 11:01:10 AM modul.Logv run
SEVERE: Thread-20 {"com":"REGIST_INV","nama":"investku","ktp":"7254534533590","npwp":"948123198910","email":"t0s7@gmail.com","telp_pribadi":"0451324323","sumber":"majalah","kantor":"PT PINJAM AJA","alamat_kantor":"jl. tes ji","telp_kantor":"0411234322","norek":"248758398","atas_nama":"john","bank":"Mandiri","from_rr":"0.31","to_rr":"1.43","pass":"123","counter":"64678"}
May 19, 2018 11:01:10 AM modul.Logv run
INFO: Thread-20 {"resulcode":"0000","com":"REGIST_INV","datetime":"2018-05-19 11:01:10 ","iduser":"PAI00005","counter":"64678"}
May 19, 2018 11:02:09 AM modul.Logv run
SEVERE: Thread-24 {"com":"LOGIN_BRW","idbrw":"PAI00005","pass":"9104527fd3ba3d0acbbd5d05a00e7cbc","counter":"13287"}
May 19, 2018 11:02:09 AM modul.Logv run
INFO: Thread-24 {"com":"LOGIN_BRW","datetime":"2018-05-19 11:02:09 ","resultcode":"0003","counter":"13287"}
May 19, 2018 11:02:50 AM modul.Logv run
SEVERE: Thread-28 {"com":"LOGIN_INV","idinv":"PAI00005","pass":"14e5081b982c8defbbdc4991b7f1bc4d","counter":"80230"}
May 19, 2018 11:02:50 AM modul.Logv run
INFO: Thread-28 {"com":"LOGIN_INV","idinv":"PAI00005","datetime":"2018-05-19 11:02:50 ","nama":"investku","resultcode":"0000","counter":"80230"}
May 19, 2018 11:16:22 AM modul.Logv run
SEVERE: Thread-4 {"com":"REGIST_INV","nama":"investku","ktp":"7254534533590","npwp":"948123198910","email":"t0s7@gmail.com","telp_pribadi":"0451324323","sumber":"majalah","kantor":"PT PINJAM AJA","alamat_kantor":"jl. tes ji","telp_kantor":"0411234322","norek":"248758398","atas_nama":"john","bank":"Mandiri","foto":"tes\/jidulu","from_rr":"0.31","to_rr":"1.43","pass":"123","counter":"11538"}
May 19, 2018 11:16:22 AM modul.Logv run
INFO: Thread-4 {"resulcode":"0001","result":"Data User Sudah Ada","com":"REGIST_INV","datetime":"2018-05-19 11:16:22 ","counter":"11538"}
May 19, 2018 11:16:50 AM modul.Logv run
SEVERE: Thread-8 {"com":"REGIST_INV","nama":"investku","ktp":"7254534533576","npwp":"948123198910","email":"t0s8@gmail.com","telp_pribadi":"0451324323","sumber":"majalah","kantor":"PT PINJAM AJA","alamat_kantor":"jl. tes ji","telp_kantor":"0411234322","norek":"248758398","atas_nama":"john","bank":"Mandiri","foto":"tes\/jidulu","from_rr":"0.31","to_rr":"1.43","pass":"123","counter":"54057"}
May 19, 2018 11:16:50 AM modul.Logv run
INFO: Thread-8 {"resulcode":"0000","com":"REGIST_INV","datetime":"2018-05-19 11:16:50 ","iduser":"PAI00006","counter":"54057"}
May 19, 2018 11:18:24 AM modul.Logv run
SEVERE: Thread-15 {"com":"REGIST_BRW","nama":"tester","alamat":"Jl. Juanda","provinsi":"sulteng","kota":"palu","kecamatan":"besusu","kelurahan":"besusu timur","tempat_lahir":"maluku","tgl_lahir":"1980-03-07","ktp":"7393229282252643","npwp":"94812319891077","email":"tes87@gmail.com","jum_tanggung":"3","norek":"3423232342","nama_rek":"cobaers","bank":"Danamon","kantor":"PT. HDI","alamat_kantor":"Jl. Samrat","telp_kantor":"0411234123","telp_pribadi":"08122312343","foto":"tes-@jidulu2","passv":"123","counter":"43659"}
May 19, 2018 11:18:24 AM modul.Logv run
INFO: Thread-15 {"com":"REGIST_BRW","datetime":"2018-05-19 11:18:24 ","iduser":"PAB00010","resultcode":"0000","counter":"43659"}
May 19, 2018 11:24:11 AM modul.Logv run
SEVERE: Thread-19 {"com":"REGIST_BRW","nama":"tester","alamat":"Jl. Juanda","provinsi":"sulteng","kota":"palu","kecamatan":"besusu","kelurahan":"besusu timur","tempat_lahir":"maluku","tgl_lahir":"1980-03-07","ktp":"739322928225267","npwp":"94812319891077","email":"tes90@gmail.com","jum_tanggung":"3","norek":"3423232342","nama_rek":"cobaers","bank":"Danamon","kantor":"PT. HDI","alamat_kantor":"Jl. Samrat","telp_kantor":"0411234123","telp_pribadi":"08122312343","foto":"tes-@jidulu2","passv":"123","counter":"50929"}
May 19, 2018 11:24:11 AM modul.Logv run
INFO: Thread-19 {"com":"REGIST_BRW","datetime":"2018-05-19 11:24:11 ","iduser":"PAB00011","resultcode":"0000","counter":"50929"}
May 19, 2018 11:24:55 AM modul.Logv run
SEVERE: Thread-23 {"com":"REGIST_INV","nama":"investku","ktp":"72545345332347","npwp":"948123198910","email":"t0s77@gmail.com","telp_pribadi":"0451324323","sumber":"majalah","kantor":"PT PINJAM AJA","alamat_kantor":"jl. tes ji","telp_kantor":"0411234322","norek":"248758398","atas_nama":"john","bank":"Mandiri","foto":"tes\/jidulu","from_rr":"0.31","to_rr":"1.43","pass":"123","counter":"12933"}
May 19, 2018 11:24:55 AM modul.Logv run
INFO: Thread-23 {"resulcode":"0000","com":"REGIST_INV","datetime":"2018-05-19 11:24:55 ","iduser":"PAI00007","counter":"12933"}
May 19, 2018 10:43:26 PM modul.Logv run
SEVERE: Thread-4 {"com":"REGIST_INV","nama":"investku","ktp":"72545345332234","npwp":"948123198910","email":"t0s70@gmail.com","telp_pribadi":"0451324323","sumber":"majalah","kantor":"PT PINJAM AJA","alamat_kantor":"jl. tes ji","telp_kantor":"0411234322","norek":"248758398","atas_nama":"john","bank":"Mandiri","foto":"tes\/jidulu","from_rr":"0.31","to_rr":"1.43","pass":"123","counter":"69968"}
May 19, 2018 10:43:26 PM modul.Logv run
INFO: Thread-4 {"resulcode":"0000","com":"REGIST_INV","datetime":"2018-05-19 22:43:26 ","iduser":"PAI00008","counter":"69968"}
