May 21, 2018 10:42:02 PM modul.Logv run
SEVERE: Thread-4 {"com":"REGIST_BRW","nama":"tester","alamat":"Jl. Juanda","provinsi":"sulteng","kota":"palu","kecamatan":"besusu","kelurahan":"besusu timur","tempat_lahir":"maluku","tgl_lahir":"1980-03-07","ktp":"73932292822512345","npwp":"94812319891077","email":"nasabah131@gmail.com","jum_tanggung":"3","norek":"3423232342","nama_rek":"cobaers","bank":"Danamon","kantor":"PT. HDI","alamat_kantor":"Jl. Samrat","telp_kantor":"0411234123","telp_pribadi":"08122312343","jum_pinjam":1500000,"pendapatan":5000000,"durasi":100,"tipe":1,"alasan":"biaya sekolah saudara","foto_diri":"tes-diri","foto_ktp":"tes-ktp","foto_slip":"tes-slip","passv":"123","counter":45098}
May 21, 2018 10:42:02 PM modul.Logv run
INFO: Thread-4 {"com":"REGIST_BRW","datetime":"2018-05-21 22:42:01 ","iduser":"PAB00003","resultcode":"0000","counter":45098}
May 21, 2018 11:04:27 PM modul.Logv run
SEVERE: Thread-8 {"com":"REGIST_BRW","nama":"tester","alamat":"Jl. Juanda","provinsi":"sulteng","kota":"palu","kecamatan":"besusu","kelurahan":"besusu timur","tempat_lahir":"maluku","tgl_lahir":"1980-03-07","ktp":"73932292822512345","npwp":"94812319891077","email":"nasabah131@gmail.com","jum_tanggung":"3","norek":"3423232342","nama_rek":"cobaers","bank":"Danamon","kantor":"PT. HDI","alamat_kantor":"Jl. Samrat","telp_kantor":"0411234123","telp_pribadi":"08122312343","jum_pinjam":1500000,"pendapatan":5000000,"durasi":100,"tipe":1,"alasan":"biaya sekolah saudara","foto_diri":"tes-diri","foto_ktp":"tes-ktp","foto_slip":"tes-slip","passv":"123","counter":89280}
May 21, 2018 11:04:27 PM modul.Logv run
INFO: Thread-8 {"result":"Data User Sudah Ada","com":"REGIST_BRW","datetime":"2018-05-21 23:04:27 ","resultcode":"0001","counter":89280}
May 21, 2018 11:18:43 PM modul.Logv run
SEVERE: Thread-4 {"com":"REGIST_BRW","nama":"tester","alamat":"Jl. Juanda","provinsi":"sulteng","kota":"palu","kecamatan":"besusu","kelurahan":"besusu timur","tempat_lahir":"maluku","tgl_lahir":"1980-03-07","ktp":"73932292822512345","npwp":"94812319891077","email":"nasabah131@gmail.com","jum_tanggung":"3","norek":"3423232342","nama_rek":"cobaers","bank":"Danamon","kantor":"PT. HDI","alamat_kantor":"Jl. Samrat","telp_kantor":"0411234123","telp_pribadi":"08122312343","jum_pinjam":1500000,"pendapatan":5000000,"durasi":100,"tipe":1,"alasan":"biaya sekolah saudara","foto_diri":"tes-diri","foto_ktp":"tes-ktp","foto_slip":"tes-slip","passv":"123","counter":77159}
May 21, 2018 11:18:43 PM modul.Logv run
INFO: Thread-4 {"result":"Data User Sudah Ada","com":"REGIST_BRW","datetime":"2018-05-21 23:18:43 ","resultcode":"0001","counter":77159}
May 21, 2018 11:20:46 PM modul.Logv run
SEVERE: Thread-4 {"com":"REGIST_BRW","nama":"tester","alamat":"Jl. Juanda","provinsi":"sulteng","kota":"palu","kecamatan":"besusu","kelurahan":"besusu timur","tempat_lahir":"maluku","tgl_lahir":"1980-03-07","ktp":"73932292822512345","npwp":"94812319891077","email":"nasabah131@gmail.com","jum_tanggung":"3","norek":"3423232342","nama_rek":"cobaers","bank":"Danamon","kantor":"PT. HDI","alamat_kantor":"Jl. Samrat","telp_kantor":"0411234123","telp_pribadi":"08122312343","jum_pinjam":1500000,"pendapatan":5000000,"durasi":100,"tipe":1,"alasan":"biaya sekolah saudara","foto_diri":"tes-diri","foto_ktp":"tes-ktp","foto_slip":"tes-slip","passv":"123","counter":60078}
May 21, 2018 11:20:46 PM modul.Logv run
INFO: Thread-4 {"result":"Data User Sudah Ada","com":"REGIST_BRW","datetime":"2018-05-21 23:20:45 ","resultcode":"0001","counter":60078}
May 21, 2018 11:21:36 PM modul.Logv run
SEVERE: IPv:/127.0.0.1Thread-4 {"com":"REGIST_BRW","nama":"tester","alamat":"Jl. Juanda","provinsi":"sulteng","kota":"palu","kecamatan":"besusu","kelurahan":"besusu timur","tempat_lahir":"maluku","tgl_lahir":"1980-03-07","ktp":"73932292822512345","npwp":"94812319891077","email":"nasabah131@gmail.com","jum_tanggung":"3","norek":"3423232342","nama_rek":"cobaers","bank":"Danamon","kantor":"PT. HDI","alamat_kantor":"Jl. Samrat","telp_kantor":"0411234123","telp_pribadi":"08122312343","jum_pinjam":1500000,"pendapatan":5000000,"durasi":100,"tipe":1,"alasan":"biaya sekolah saudara","foto_diri":"tes-diri","foto_ktp":"tes-ktp","foto_slip":"tes-slip","passv":"123","counter":17932}
May 21, 2018 11:21:36 PM modul.Logv run
INFO: Thread-4 {"result":"Data User Sudah Ada","com":"REGIST_BRW","datetime":"2018-05-21 23:21:36 ","resultcode":"0001","counter":17932}
